C51 COMPILER V9.53.0.0   INITDEVICE                                                        03/27/2017 19:36:14 PAGE 1   


C51 COMPILER V9.53.0.0, COMPILATION OF MODULE INITDEVICE
OBJECT MODULE PLACED IN .\src/InitDevice.OBJ
COMPILER INVOKED BY: Z:\Applications\Simplicity Studio.app\Contents\Eclipse\developer\toolchains\keil_8051\9.53\BIN\C51.
                    -exe /Users/rafi/SimplicityStudio/v4_workspace/OutputDankInstructions/src/InitDevice.c OMF2 SMALL DEBUG OBJECTEXTEND ROM(
                    -LARGE) WARNINGLEVEL(2) FLOATFUZZY(3) OPTIMIZE(8,SPEED) DEFINE(DEBUG=1) INTVECTOR(0X0000) INTPROMOTE INCDIR(/Users/rafi/S
                    -implicityStudio/v4_workspace/OutputDankInstructions/inc;/Applications/Simplicity Studio.app/Contents/Eclipse/developer/s
                    -dks/8051/v4.0.3//Device/shared/si8051base;/Applications/Simplicity Studio.app/Contents/Eclipse/developer/sdks/8051/v4.0.
                    -3//Device/EFM8BB3/inc) PRINT(.\src/InitDevice.lst) COND PAGEWIDTH(120) PAGELENGTH(65) OBJECT(.\src/InitDevice.OBJ)

line level    source

   1          //=========================================================
   2          // src/InitDevice.c: generated by Hardware Configurator
   3          //
   4          // This file will be regenerated when saving a document.
   5          // leave the sections inside the "$[...]" comment tags alone
   6          // or they will be overwritten!!
   7          //=========================================================
   8          
   9          // USER INCLUDES
  10          #include <SI_EFM8BB3_Register_Enums.h>
  11          #include "InitDevice.h"
  12          
  13          // USER PROTOTYPES
  14          // USER FUNCTIONS
  15          
  16          // $[Library Includes]
  17          // [Library Includes]$
  18          
  19          //==============================================================================
  20          // enter_DefaultMode_from_RESET
  21          //==============================================================================
  22          extern void enter_DefaultMode_from_RESET(void) {
  23   1              // $[Config Calls]
  24   1              // Save the SFRPAGE
  25   1              uint8_t SFRPAGE_save = SFRPAGE;
  26   1              PORTS_1_enter_DefaultMode_from_RESET();
  27   1              PORTS_2_enter_DefaultMode_from_RESET();
  28   1              PORTS_3_enter_DefaultMode_from_RESET();
  29   1              PBCFG_0_enter_DefaultMode_from_RESET();
  30   1              // Restore the SFRPAGE
  31   1              SFRPAGE = SFRPAGE_save;
  32   1              // [Config Calls]$
  33   1      
  34   1      }
  35          
  36          extern void PORTS_3_enter_DefaultMode_from_RESET(void) {
  37   1              // $[P3 - Port 3 Pin Latch]
  38   1              // [P3 - Port 3 Pin Latch]$
  39   1      
  40   1              // $[P3MDOUT - Port 3 Output Mode]
  41   1              /***********************************************************************
  42   1               - P3.0 output is open-drain
  43   1               - P3.1 output is push-pull
  44   1               - P3.2 output is push-pull
  45   1               - P3.3 output is push-pull
  46   1               - P3.4 output is push-pull
  47   1               - P3.7 output is open-drain
  48   1               ***********************************************************************/
  49   1              SFRPAGE = 0x20;
  50   1              P3MDOUT = P3MDOUT_B0__OPEN_DRAIN | P3MDOUT_B1__PUSH_PULL
  51   1                              | P3MDOUT_B2__PUSH_PULL | P3MDOUT_B3__PUSH_PULL
C51 COMPILER V9.53.0.0   INITDEVICE                                                        03/27/2017 19:36:14 PAGE 2   

  52   1                              | P3MDOUT_B4__PUSH_PULL | P3MDOUT_B7__OPEN_DRAIN;
  53   1              // [P3MDOUT - Port 3 Output Mode]$
  54   1      
  55   1              // $[P3MDIN - Port 3 Input Mode]
  56   1              // [P3MDIN - Port 3 Input Mode]$
  57   1      
  58   1      }
  59          
  60          extern void PBCFG_0_enter_DefaultMode_from_RESET(void) {
  61   1              // $[XBR2 - Port I/O Crossbar 2]
  62   1              // [XBR2 - Port I/O Crossbar 2]$
  63   1      
  64   1              // $[PRTDRV - Port Drive Strength]
  65   1              // [PRTDRV - Port Drive Strength]$
  66   1      
  67   1              // $[XBR0 - Port I/O Crossbar 0]
  68   1              // [XBR0 - Port I/O Crossbar 0]$
  69   1      
  70   1              // $[XBR1 - Port I/O Crossbar 1]
  71   1              // [XBR1 - Port I/O Crossbar 1]$
  72   1      
  73   1      }
  74          
  75          extern void PORTS_1_enter_DefaultMode_from_RESET(void) {
  76   1              // $[P1 - Port 1 Pin Latch]
  77   1              // [P1 - Port 1 Pin Latch]$
  78   1      
  79   1              // $[P1MDOUT - Port 1 Output Mode]
  80   1              /***********************************************************************
  81   1               - P1.0 output is open-drain
  82   1               - P1.1 output is open-drain
  83   1               - P1.2 output is open-drain
  84   1               - P1.3 output is open-drain
  85   1               - P1.4 output is open-drain
  86   1               - P1.5 output is open-drain
  87   1               - P1.6 output is push-pull
  88   1               - P1.7 output is open-drain
  89   1               ***********************************************************************/
  90   1              SFRPAGE = 0x00;
  91   1              P1MDOUT = P1MDOUT_B0__OPEN_DRAIN | P1MDOUT_B1__OPEN_DRAIN
  92   1                              | P1MDOUT_B2__OPEN_DRAIN | P1MDOUT_B3__OPEN_DRAIN
  93   1                              | P1MDOUT_B4__OPEN_DRAIN | P1MDOUT_B5__OPEN_DRAIN
  94   1                              | P1MDOUT_B6__PUSH_PULL | P1MDOUT_B7__OPEN_DRAIN;
  95   1              // [P1MDOUT - Port 1 Output Mode]$
  96   1      
  97   1              // $[P1MDIN - Port 1 Input Mode]
  98   1              // [P1MDIN - Port 1 Input Mode]$
  99   1      
 100   1              // $[P1SKIP - Port 1 Skip]
 101   1              // [P1SKIP - Port 1 Skip]$
 102   1      
 103   1              // $[P1MASK - Port 1 Mask]
 104   1              // [P1MASK - Port 1 Mask]$
 105   1      
 106   1              // $[P1MAT - Port 1 Match]
 107   1              // [P1MAT - Port 1 Match]$
 108   1      
 109   1      }
 110          
 111          extern void PORTS_2_enter_DefaultMode_from_RESET(void) {
 112   1              // $[P2 - Port 2 Pin Latch]
 113   1              // [P2 - Port 2 Pin Latch]$
 114   1      
C51 COMPILER V9.53.0.0   INITDEVICE                                                        03/27/2017 19:36:14 PAGE 3   

 115   1              // $[P2MDOUT - Port 2 Output Mode]
 116   1              /***********************************************************************
 117   1               - P2.0 output is open-drain
 118   1               - P2.1 output is open-drain
 119   1               - P2.2 output is open-drain
 120   1               - P2.3 output is open-drain
 121   1               - P2.4 output is push-pull
 122   1               - P2.5 output is push-pull
 123   1               - P2.6 output is open-drain
 124   1               ***********************************************************************/
 125   1              P2MDOUT = P2MDOUT_B0__OPEN_DRAIN | P2MDOUT_B1__OPEN_DRAIN
 126   1                              | P2MDOUT_B2__OPEN_DRAIN | P2MDOUT_B3__OPEN_DRAIN
 127   1                              | P2MDOUT_B4__PUSH_PULL | P2MDOUT_B5__PUSH_PULL
 128   1                              | P2MDOUT_B6__OPEN_DRAIN;
 129   1              // [P2MDOUT - Port 2 Output Mode]$
 130   1      
 131   1              // $[P2MDIN - Port 2 Input Mode]
 132   1              // [P2MDIN - Port 2 Input Mode]$
 133   1      
 134   1              // $[P2SKIP - Port 2 Skip]
 135   1              // [P2SKIP - Port 2 Skip]$
 136   1      
 137   1              // $[P2MASK - Port 2 Mask]
 138   1              // [P2MASK - Port 2 Mask]$
 139   1      
 140   1              // $[P2MAT - Port 2 Match]
 141   1              // [P2MAT - Port 2 Match]$
 142   1      
 143   1      }
 144          


MODULE INFORMATION:   STATIC OVERLAYABLE
   CODE SIZE        =     38    ----
   CONSTANT SIZE    =   ----    ----
   XDATA SIZE       =   ----    ----
   PDATA SIZE       =   ----    ----
   DATA SIZE        =   ----       1
   IDATA SIZE       =   ----    ----
   BIT SIZE         =   ----    ----
   EDATA SIZE       =   ----    ----
   HDATA SIZE       =   ----    ----
   XDATA CONST SIZE =   ----    ----
   FAR CONST SIZE   =   ----    ----
END OF MODULE INFORMATION.


C51 COMPILATION COMPLETE.  0 WARNING(S),  0 ERROR(S)
