C51 COMPILER V9.53.0.0   MAIN                                                              03/27/2017 18:59:20 PAGE 1   


C51 COMPILER V9.53.0.0, COMPILATION OF MODULE MAIN
OBJECT MODULE PLACED IN .\src/main.OBJ
COMPILER INVOKED BY: Z:\Applications\Simplicity Studio.app\Contents\Eclipse\developer\toolchains\keil_8051\9.53\BIN\C51.
                    -exe /Users/rafi/Documents/Code/ECE-251-A/ece251a-project1/Clock/src/main.c OMF2 SMALL DEBUG OBJECTEXTEND ROM(LARGE) WARN
                    -INGLEVEL(2) FLOATFUZZY(3) OPTIMIZE(8,SPEED) DEFINE(DEBUG=1) INTVECTOR(0X0000) INTPROMOTE INCDIR(/Applications/Simplicity
                    - Studio.app/Contents/Eclipse/developer/sdks/8051/v4.0.3//Device/shared/si8051base;/Applications/Simplicity Studio.app/Co
                    -ntents/Eclipse/developer/sdks/8051/v4.0.3//Device/EFM8BB3/inc) PRINT(.\src/main.lst) COND PAGEWIDTH(120) PAGELENGTH(65) 
                    -OBJECT(.\src/main.OBJ)

line level    source

   1          
   2          //-----------------------------------------------------------------------------
   3          // Includes
   4          //-----------------------------------------------------------------------------
   5          #include <SI_EFM8BB3_Register_Enums.h>                // SFR declarations
   6          
   7          //-----------------------------------------------------------------------------
   8          // main() Routine
   9          // ----------------------------------------------------------------------------
  10          //
  11          // Note: the software watchdog timer is not disabled by default in this
  12          // example, so a long-running program will reset periodically unless
  13          // the timer is disabled or your program periodically writes to it.
  14          //
  15          // Review the "Watchdog Timer" section under the part family's datasheet
  16          // for details. To find the datasheet, select your part in the
  17          // Simplicity Launcher and click on "Data Sheet".
  18          //
  19          //-----------------------------------------------------------------------------
  20          int delayvalue = 4500;
  21          
  22          void fakeassdelay(){
  23   1              int i = 0;
  24   1              for(i=0;i<=delayvalue;i++){
  25   2      
  26   2              }
  27   1      }
  28          int main (void)
  29          {
  30   1              XBR2 |= 0x40;
  31   1              P1_B4 = 0;
  32   1              P1_B5 = 0;
  33   1              P1_B6 = 0;
  34   1              while (1) {
  35   2                      P1_B4 = 1;
  36   2                      P1_B5 = 1;
  37   2                      P1_B6 = 1;
  38   2                      if (!P0_B2){
  39   3                              delayvalue = delayvalue + 1000;
  40   3                              P1_B4 = 0;
  41   3                      }
  42   2                      else if (!P0_B3){
  43   3                              delayvalue = delayvalue - 1000;
  44   3                              P1_B5 = 0;
  45   3                      }
  46   2                              fakeassdelay();
  47   2                              P1_B4 = 1;
  48   2                              P1_B5 = 1;
  49   2                              P1_B6 = 1;
  50   2                              fakeassdelay();
  51   2                              P1_B6 = 0;
C51 COMPILER V9.53.0.0   MAIN                                                              03/27/2017 18:59:20 PAGE 2   

  52   2                              fakeassdelay();
  53   2              }
  54   1      }


MODULE INFORMATION:   STATIC OVERLAYABLE
   CODE SIZE        =     96    ----
   CONSTANT SIZE    =   ----    ----
   XDATA SIZE       =   ----    ----
   PDATA SIZE       =   ----    ----
   DATA SIZE        =      2    ----
   IDATA SIZE       =   ----    ----
   BIT SIZE         =   ----    ----
   EDATA SIZE       =   ----    ----
   HDATA SIZE       =   ----    ----
   XDATA CONST SIZE =   ----    ----
   FAR CONST SIZE   =   ----    ----
END OF MODULE INFORMATION.


C51 COMPILATION COMPLETE.  0 WARNING(S),  0 ERROR(S)
