C51 COMPILER V9.53.0.0   INITDEVICE                                                        03/27/2017 19:39:53 PAGE 1   


C51 COMPILER V9.53.0.0, COMPILATION OF MODULE INITDEVICE
OBJECT MODULE PLACED IN .\src/InitDevice.OBJ
COMPILER INVOKED BY: Z:\Applications\Simplicity Studio.app\Contents\Eclipse\developer\toolchains\keil_8051\9.53\BIN\C51.
                    -exe /Users/rafi/Documents/Code/ECE-251-A/ece251a-project1/OutputInstructions/src/InitDevice.c OMF2 SMALL DEBUG OBJECTEXT
                    -END ROM(LARGE) WARNINGLEVEL(2) FLOATFUZZY(3) OPTIMIZE(8,SPEED) DEFINE(DEBUG=1) INTVECTOR(0X0000) INTPROMOTE INCDIR(/Appl
                    -ications/Simplicity Studio.app/Contents/Eclipse/developer/sdks/8051/v4.0.3//Device/shared/si8051base;/Applications/Simpl
                    -icity Studio.app/Contents/Eclipse/developer/sdks/8051/v4.0.3//Device/EFM8BB3/inc) PRINT(.\src/InitDevice.lst) COND PAGEW
                    -IDTH(120) PAGELENGTH(65) OBJECT(.\src/InitDevice.OBJ)

line level    source

   1          //=========================================================
   2          // src/InitDevice.c: generated by Hardware Configurator
   3          //
   4          // This file will be regenerated when saving a document.
   5          // leave the sections inside the "$[...]" comment tags alone
   6          // or they will be overwritten!!
   7          //=========================================================
   8          
   9          // USER INCLUDES
  10          #include <SI_EFM8BB3_Register_Enums.h>
  11          
  12          //
  13          //// USER CONSTANTS
  14          //// USER PROTOTYPES
  15          //
  16          //// $[Mode Transition Prototypes]
  17          // void enter_DefaultMode_from_RESET(void);
  18          //// [Mode Transition Prototypes]$
  19          //
  20          //// $[Config(Per-Module Mode)Transition Prototypes]
  21          // void PORTS_1_enter_DefaultMode_from_RESET(void);
  22          // void PORTS_2_enter_DefaultMode_from_RESET(void);
  23          // void PORTS_3_enter_DefaultMode_from_RESET(void);
  24          // void PBCFG_0_enter_DefaultMode_from_RESET(void);
  25          //// [Config(Per-Module Mode)Transition Prototypes]$
  26          //
  27          
  28          
  29          
  30          // USER PROTOTYPES
  31          // USER FUNCTIONS
  32          
  33          // $[Library Includes]
  34          // [Library Includes]$
  35          
  36          //==============================================================================
  37          // enter_DefaultMode_from_RESET
  38          //==============================================================================
  39           void enter_DefaultMode_from_RESET(void) {
  40   1              // $[Config Calls]
  41   1              // Save the SFRPAGE
  42   1              uint8_t SFRPAGE_save = SFRPAGE;
  43   1              PORTS_1_enter_DefaultMode_from_RESET();
*** WARNING C206 IN LINE 43 OF /Users/rafi/Documents/Code/ECE-251-A/ece251a-project1/OutputInstructions/src/InitDevice.c
             -: 'PORTS_1_enter_DefaultMode_from_RESET': missing function-prototype
  44   1              PORTS_2_enter_DefaultMode_from_RESET();
*** WARNING C206 IN LINE 44 OF /Users/rafi/Documents/Code/ECE-251-A/ece251a-project1/OutputInstructions/src/InitDevice.c
             -: 'PORTS_2_enter_DefaultMode_from_RESET': missing function-prototype
  45   1              PORTS_3_enter_DefaultMode_from_RESET();
*** WARNING C206 IN LINE 45 OF /Users/rafi/Documents/Code/ECE-251-A/ece251a-project1/OutputInstructions/src/InitDevice.c
             -: 'PORTS_3_enter_DefaultMode_from_RESET': missing function-prototype
C51 COMPILER V9.53.0.0   INITDEVICE                                                        03/27/2017 19:39:53 PAGE 2   

  46   1              PBCFG_0_enter_DefaultMode_from_RESET();
*** WARNING C206 IN LINE 46 OF /Users/rafi/Documents/Code/ECE-251-A/ece251a-project1/OutputInstructions/src/InitDevice.c
             -: 'PBCFG_0_enter_DefaultMode_from_RESET': missing function-prototype
  47   1              // Restore the SFRPAGE
  48   1              SFRPAGE = SFRPAGE_save;
  49   1              // [Config Calls]$
  50   1      
  51   1      }
  52          
  53           void PORTS_0_enter_DefaultMode_from_RESET(void) {
  54   1              // $[P0 - Port 0 Pin Latch]
  55   1              // [P0 - Port 0 Pin Latch]$
  56   1      
  57   1              // $[P0MDOUT - Port 0 Output Mode]
  58   1              /***********************************************************************
  59   1               - P0.0 output is open-drain
  60   1               - P0.1 output is open-drain
  61   1               - P0.2 output is open-drain
  62   1               - P0.3 output is push-pull
  63   1               - P0.4 output is open-drain
  64   1               - P0.5 output is open-drain
  65   1               - P0.6 output is open-drain
  66   1               - P0.7 output is open-drain
  67   1               ***********************************************************************/
  68   1              SFRPAGE = 0x00;
  69   1              P0MDOUT = P0MDOUT_B0__OPEN_DRAIN | P0MDOUT_B1__OPEN_DRAIN
  70   1                              | P0MDOUT_B2__OPEN_DRAIN | P0MDOUT_B3__OPEN_DRAIN
  71   1                              | P0MDOUT_B4__OPEN_DRAIN | P0MDOUT_B5__OPEN_DRAIN
  72   1                              | P0MDOUT_B6__OPEN_DRAIN | P0MDOUT_B7__OPEN_DRAIN;
  73   1              // [P0MDOUT - Port 0 Output Mode]$
  74   1      
  75   1              // $[P0MDIN - Port 0 Input Mode]
  76   1              // [P0MDIN - Port 0 Input Mode]$
  77   1      
  78   1              // $[P0SKIP - Port 0 Skip]
  79   1              // [P0SKIP - Port 0 Skip]$
  80   1      
  81   1              // $[P0MASK - Port 0 Mask]
  82   1              // [P0MASK - Port 0 Mask]$
  83   1      
  84   1              // $[P0MAT - Port 0 Match]
  85   1              // [P0MAT - Port 0 Match]$
  86   1      
  87   1      }
  88          
  89           void PBCFG_0_enter_DefaultMode_from_RESET(void) {
*** ERROR C231 IN LINE 89 OF /Users/rafi/Documents/Code/ECE-251-A/ece251a-project1/OutputInstructions/src/InitDevice.c: 
             -'PBCFG_0_enter_DefaultMode_from_RESET': redefinition
  90   1              // $[XBR2 - Port I/O Crossbar 2]
  91   1              // [XBR2 - Port I/O Crossbar 2]$
  92   1      
  93   1              // $[PRTDRV - Port Drive Strength]
  94   1              // [PRTDRV - Port Drive Strength]$
  95   1      
  96   1              // $[XBR0 - Port I/O Crossbar 0]
  97   1              // [XBR0 - Port I/O Crossbar 0]$
  98   1      
  99   1              // $[XBR1 - Port I/O Crossbar 1]
 100   1              // [XBR1 - Port I/O Crossbar 1]$
 101   1      
 102   1      }
*** ERROR C231 IN LINE 102 OF /Users/rafi/Documents/Code/ECE-251-A/ece251a-project1/OutputInstructions/src/InitDevice.c:
             - 'PBCFG_0_enter_DefaultMode_from_RESET': redefinition
C51 COMPILER V9.53.0.0   INITDEVICE                                                        03/27/2017 19:39:53 PAGE 3   

 103          
 104           void PORTS_2_enter_DefaultMode_from_RESET(void) {
*** ERROR C231 IN LINE 104 OF /Users/rafi/Documents/Code/ECE-251-A/ece251a-project1/OutputInstructions/src/InitDevice.c:
             - 'PORTS_2_enter_DefaultMode_from_RESET': redefinition
 105   1              // $[P2 - Port 2 Pin Latch]
 106   1              // [P2 - Port 2 Pin Latch]$
 107   1      
 108   1              // $[P2MDOUT - Port 2 Output Mode]
 109   1              /***********************************************************************
 110   1               - P2.0 output is open-drain
 111   1               - P2.1 output is open-drain
 112   1               - P2.2 output is open-drain
 113   1               - P2.3 output is open-drain
 114   1               - P2.4 output is push-pull
 115   1               - P2.5 output is push-pull
 116   1               - P2.6 output is open-drain
 117   1               ***********************************************************************/
 118   1              P2MDOUT = P2MDOUT_B0__OPEN_DRAIN | P2MDOUT_B1__OPEN_DRAIN
 119   1                              | P2MDOUT_B2__OPEN_DRAIN | P2MDOUT_B3__OPEN_DRAIN
 120   1                              | P2MDOUT_B4__PUSH_PULL | P2MDOUT_B5__PUSH_PULL
 121   1                              | P2MDOUT_B6__OPEN_DRAIN;
 122   1              // [P2MDOUT - Port 2 Output Mode]$
 123   1      
 124   1              // $[P2MDIN - Port 2 Input Mode]
 125   1              // [P2MDIN - Port 2 Input Mode]$
 126   1      
 127   1              // $[P2SKIP - Port 2 Skip]
 128   1              // [P2SKIP - Port 2 Skip]$
 129   1      
 130   1              // $[P2MASK - Port 2 Mask]
 131   1              // [P2MASK - Port 2 Mask]$
 132   1      
 133   1              // $[P2MAT - Port 2 Match]
 134   1              // [P2MAT - Port 2 Match]$
 135   1      
 136   1      }
*** ERROR C231 IN LINE 136 OF /Users/rafi/Documents/Code/ECE-251-A/ece251a-project1/OutputInstructions/src/InitDevice.c:
             - 'PORTS_2_enter_DefaultMode_from_RESET': redefinition
 137          
 138           void PORTS_3_enter_DefaultMode_from_RESET(void) {
*** ERROR C231 IN LINE 138 OF /Users/rafi/Documents/Code/ECE-251-A/ece251a-project1/OutputInstructions/src/InitDevice.c:
             - 'PORTS_3_enter_DefaultMode_from_RESET': redefinition
 139   1              // $[P3 - Port 3 Pin Latch]
 140   1              // [P3 - Port 3 Pin Latch]$
 141   1      
 142   1              // $[P3MDOUT - Port 3 Output Mode]
 143   1              /***********************************************************************
 144   1               - P3.0 output is open-drain
 145   1               - P3.1 output is push-pull
 146   1               - P3.2 output is push-pull
 147   1               - P3.3 output is push-pull
 148   1               - P3.4 output is push-pull
 149   1               - P3.7 output is open-drain
 150   1               ***********************************************************************/
 151   1              SFRPAGE = 0x20;
 152   1              P3MDOUT = P3MDOUT_B0__OPEN_DRAIN | P3MDOUT_B1__PUSH_PULL
 153   1                              | P3MDOUT_B2__PUSH_PULL | P3MDOUT_B3__PUSH_PULL
 154   1                              | P3MDOUT_B4__PUSH_PULL | P3MDOUT_B7__OPEN_DRAIN;
 155   1              // [P3MDOUT - Port 3 Output Mode]$
 156   1      
 157   1              // $[P3MDIN - Port 3 Input Mode]
 158   1              // [P3MDIN - Port 3 Input Mode]$
 159   1      
C51 COMPILER V9.53.0.0   INITDEVICE                                                        03/27/2017 19:39:53 PAGE 4   

 160   1      }
*** ERROR C231 IN LINE 160 OF /Users/rafi/Documents/Code/ECE-251-A/ece251a-project1/OutputInstructions/src/InitDevice.c:
             - 'PORTS_3_enter_DefaultMode_from_RESET': redefinition
 161          
 162           void PORTS_1_enter_DefaultMode_from_RESET(void) {
*** ERROR C231 IN LINE 162 OF /Users/rafi/Documents/Code/ECE-251-A/ece251a-project1/OutputInstructions/src/InitDevice.c:
             - 'PORTS_1_enter_DefaultMode_from_RESET': redefinition
 163   1              // $[P1 - Port 1 Pin Latch]
 164   1              // [P1 - Port 1 Pin Latch]$
 165   1      
 166   1              // $[P1MDOUT - Port 1 Output Mode]
 167   1              /***********************************************************************
 168   1               - P1.0 output is open-drain
 169   1               - P1.1 output is open-drain
 170   1               - P1.2 output is open-drain
 171   1               - P1.3 output is open-drain
 172   1               - P1.4 output is open-drain
 173   1               - P1.5 output is open-drain
 174   1               - P1.6 output is push-pull
 175   1               - P1.7 output is open-drain
 176   1               ***********************************************************************/
 177   1              SFRPAGE = 0x00;
 178   1              P1MDOUT = P1MDOUT_B0__OPEN_DRAIN | P1MDOUT_B1__OPEN_DRAIN
 179   1                              | P1MDOUT_B2__OPEN_DRAIN | P1MDOUT_B3__OPEN_DRAIN
 180   1                              | P1MDOUT_B4__OPEN_DRAIN | P1MDOUT_B5__OPEN_DRAIN
 181   1                              | P1MDOUT_B6__PUSH_PULL | P1MDOUT_B7__OPEN_DRAIN;
 182   1              // [P1MDOUT - Port 1 Output Mode]$
 183   1      
 184   1              // $[P1MDIN - Port 1 Input Mode]
 185   1              // [P1MDIN - Port 1 Input Mode]$
 186   1      
 187   1              // $[P1SKIP - Port 1 Skip]
 188   1              // [P1SKIP - Port 1 Skip]$
 189   1      
 190   1              // $[P1MASK - Port 1 Mask]
 191   1              // [P1MASK - Port 1 Mask]$
 192   1      
 193   1              // $[P1MAT - Port 1 Match]
 194   1              // [P1MAT - Port 1 Match]$
 195   1      
 196   1      }
*** ERROR C231 IN LINE 196 OF /Users/rafi/Documents/Code/ECE-251-A/ece251a-project1/OutputInstructions/src/InitDevice.c:
             - 'PORTS_1_enter_DefaultMode_from_RESET': redefinition

C51 COMPILATION COMPLETE.  4 WARNING(S),  8 ERROR(S)
