C51 COMPILER V9.53.0.0   MAIN                                                              03/27/2017 19:00:14 PAGE 1   


C51 COMPILER V9.53.0.0, COMPILATION OF MODULE MAIN
OBJECT MODULE PLACED IN .\src/main.OBJ
COMPILER INVOKED BY: Z:\Applications\Simplicity Studio.app\Contents\Eclipse\developer\toolchains\keil_8051\9.53\BIN\C51.
                    -exe /Users/rafi/Documents/Code/ECE-251-A/ece251a-project1/OutputInstructions/src/main.c OMF2 SMALL DEBUG OBJECTEXTEND RO
                    -M(LARGE) WARNINGLEVEL(2) FLOATFUZZY(3) OPTIMIZE(8,SPEED) DEFINE(DEBUG=1) INTVECTOR(0X0000) INTPROMOTE INCDIR(/Applicatio
                    -ns/Simplicity Studio.app/Contents/Eclipse/developer/sdks/8051/v4.0.3//Device/shared/si8051base;/Applications/Simplicity 
                    -Studio.app/Contents/Eclipse/developer/sdks/8051/v4.0.3//Device/EFM8BB3/inc) PRINT(.\src/main.lst) COND PAGEWIDTH(120) PA
                    -GELENGTH(65) OBJECT(.\src/main.OBJ)

line level    source

   1          
   2          //-----------------------------------------------------------------------------
   3          // Includes
   4          //-----------------------------------------------------------------------------
   5          #include <SI_EFM8BB3_Register_Enums.h>                // SFR declarations
   6          
   7          //-----------------------------------------------------------------------------
   8          // main() Routine
   9          // ----------------------------------------------------------------------------
  10          //
  11          // Note: the software watchdog timer is not disabled by default in this
  12          // example, so a long-running program will reset periodically unless
  13          // the timer is disabled or your program periodically writes to it.
  14          //
  15          // Review the "Watchdog Timer" section under the part family's datasheet
  16          // for details. To find the datasheet, select your part in the
  17          // Simplicity Launcher and click on "Data Sheet".
  18          //
  19          //-----------------------------------------------------------------------------
  20          
  21          int main (void)
  22          {
  23   1              while (1) {}                             // Spin forever
  24   1      }


MODULE INFORMATION:   STATIC OVERLAYABLE
   CODE SIZE        =      2    ----
   CONSTANT SIZE    =   ----    ----
   XDATA SIZE       =   ----    ----
   PDATA SIZE       =   ----    ----
   DATA SIZE        =   ----    ----
   IDATA SIZE       =   ----    ----
   BIT SIZE         =   ----    ----
   EDATA SIZE       =   ----    ----
   HDATA SIZE       =   ----    ----
   XDATA CONST SIZE =   ----    ----
   FAR CONST SIZE   =   ----    ----
END OF MODULE INFORMATION.


C51 COMPILATION COMPLETE.  0 WARNING(S),  0 ERROR(S)
